2023-03-31 17:49:36,860  INFO [main] CucumberAPI:86 - *****************Access Token Created  ***********************
2023-03-31 17:49:36,863  INFO [main] CucumberAPI:92 - ******************URl launched **************
2023-03-31 17:49:41,288  INFO [main] CucumberAPI:100 - ************** record updated ******************
2023-03-31 17:49:41,339  INFO [main] CucumberAPI:106 - ************ status message verified **********************
2023-03-31 17:49:41,340  INFO [main] CucumberAPI:112 - ******************* status code verified ********************
2023-03-31 17:50:48,570  INFO [main] CucumberAPI:86 - *****************Access Token Created  ***********************
2023-03-31 17:50:48,573  INFO [main] CucumberAPI:92 - ******************URl launched **************
2023-03-31 17:50:54,082  INFO [main] CucumberAPI:100 - ************** record updated ******************
2023-03-31 17:50:54,171  INFO [main] CucumberAPI:106 - ************ status message verified **********************
2023-03-31 17:50:54,171  INFO [main] CucumberAPI:112 - ******************* status code verified ********************
2023-03-31 17:57:26,762  INFO [main] CucumberAPI:82 - *****************Access Token Created  ***********************
2023-03-31 17:57:26,765  INFO [main] CucumberAPI:88 - ******************URl launched **************
2023-03-31 17:57:31,703  INFO [main] CucumberAPI:96 - ************** record updated ******************
2023-03-31 17:57:31,748  INFO [main] CucumberAPI:102 - ************ status message verified **********************
2023-03-31 17:57:31,750  INFO [main] CucumberAPI:108 - ******************* status code verified ********************
2023-03-31 17:58:06,007  INFO [main] CucumberAPI:83 - *****************Access Token Created  ***********************
2023-03-31 17:58:06,010  INFO [main] CucumberAPI:89 - ******************URl launched **************
2023-03-31 17:58:10,556  INFO [main] CucumberAPI:97 - ************** record updated ******************
2023-03-31 17:58:10,594  INFO [main] CucumberAPI:103 - ************ status message verified **********************
2023-03-31 17:58:10,594  INFO [main] CucumberAPI:109 - ******************* status code verified ********************
2023-03-31 18:02:53,004  INFO [main] CucumberAPI:83 - *****************Access Token Created  ***********************
2023-03-31 18:13:45,756  INFO [main] CucumberAPI:81 - *****************Access Token Created  ***********************
2023-03-31 18:16:01,721  INFO [main] CucumberAPI:81 - *****************Access Token Created  ***********************
2023-03-31 18:21:08,829  INFO [main] CucumberAPI:81 - *****************Access Token Created  ***********************
2023-03-31 18:23:25,889  INFO [main] CucumberAPI:81 - *****************Access Token Created  ***********************
2023-03-31 18:24:10,953  INFO [main] CucumberAPI:81 - *****************Access Token Created  ***********************
2023-04-03 19:06:07,406  INFO [main] CucumberAPI:81 - *****************Access Token Created  ***********************
2023-04-04 12:32:57,083  INFO [main] CucumberAPI:84 - *****************Access Token Created  ***********************
2023-04-04 12:33:13,564  INFO [main] CucumberAPI:84 - *****************Access Token Created  ***********************
2023-04-04 12:33:13,565  INFO [main] CucumberAPI:90 - ******************URl launched **************
2023-04-04 12:33:24,103  INFO [main] CucumberAPI:98 - ************** record updated ******************
2023-04-04 12:33:24,145  INFO [main] CucumberAPI:104 - ************ status message verified **********************
2023-04-04 12:33:24,147  INFO [main] CucumberAPI:110 - ******************* status code verified ********************
